[2025-03-12 15:55:44] local.ERROR: There are no commands defined in the "make:" namespace.

Did you mean this?
    make {"exception":"[object] (Symfony\\Component\\Console\\Exception\\NamespaceNotFoundException(code: 0): There are no commands defined in the \"make:\" namespace.

Did you mean this?
    make at C:\\Users\\damal\\Desktop\\Paytech\\Paytech\\vendor\\symfony\\console\\Application.php:660)
[stacktrace]
#0 C:\\Users\\damal\\Desktop\\Paytech\\Paytech\\vendor\\symfony\\console\\Application.php(709): Symfony\\Component\\Console\\Application->findNamespace('make:')
#1 C:\\Users\\damal\\Desktop\\Paytech\\Paytech\\vendor\\symfony\\console\\Application.php(284): Symfony\\Component\\Console\\Application->find('make::controlle...')
#2 C:\\Users\\damal\\Desktop\\Paytech\\Paytech\\vendor\\symfony\\console\\Application.php(193): Symfony\\Component\\Console\\Application->doRun(Object(Symfony\\Component\\Console\\Input\\ArgvInput), Object(Symfony\\Component\\Console\\Output\\ConsoleOutput))
#3 C:\\Users\\damal\\Desktop\\Paytech\\Paytech\\vendor\\laravel\\framework\\src\\Illuminate\\Foundation\\Console\\Kernel.php(198): Symfony\\Component\\Console\\Application->run(Object(Symfony\\Component\\Console\\Input\\ArgvInput), Object(Symfony\\Component\\Console\\Output\\ConsoleOutput))
#4 C:\\Users\\damal\\Desktop\\Paytech\\Paytech\\vendor\\laravel\\framework\\src\\Illuminate\\Foundation\\Application.php(1235): Illuminate\\Foundation\\Console\\Kernel->handle(Object(Symfony\\Component\\Console\\Input\\ArgvInput), Object(Symfony\\Component\\Console\\Output\\ConsoleOutput))
#5 C:\\Users\\damal\\Desktop\\Paytech\\Paytech\\artisan(16): Illuminate\\Foundation\\Application->handleCommand(Object(Symfony\\Component\\Console\\Input\\ArgvInput))
#6 {main}
"} 
[2025-03-12 15:55:55] local.ERROR: The "--resrouce" option does not exist. {"exception":"[object] (Symfony\\Component\\Console\\Exception\\RuntimeException(code: 0): The \"--resrouce\" option does not exist. at C:\\Users\\damal\\Desktop\\Paytech\\Paytech\\vendor\\symfony\\console\\Input\\ArgvInput.php:226)
[stacktrace]
#0 C:\\Users\\damal\\Desktop\\Paytech\\Paytech\\vendor\\symfony\\console\\Input\\ArgvInput.php(155): Symfony\\Component\\Console\\Input\\ArgvInput->addLongOption('resrouce', NULL)
#1 C:\\Users\\damal\\Desktop\\Paytech\\Paytech\\vendor\\symfony\\console\\Input\\ArgvInput.php(88): Symfony\\Component\\Console\\Input\\ArgvInput->parseLongOption('--resrouce')
#2 C:\\Users\\damal\\Desktop\\Paytech\\Paytech\\vendor\\symfony\\console\\Input\\ArgvInput.php(77): Symfony\\Component\\Console\\Input\\ArgvInput->parseToken('--resrouce', true)
#3 C:\\Users\\damal\\Desktop\\Paytech\\Paytech\\vendor\\symfony\\console\\Input\\Input.php(53): Symfony\\Component\\Console\\Input\\ArgvInput->parse()
#4 C:\\Users\\damal\\Desktop\\Paytech\\Paytech\\vendor\\symfony\\console\\Command\\Command.php(238): Symfony\\Component\\Console\\Input\\Input->bind(Object(Symfony\\Component\\Console\\Input\\InputDefinition))
#5 C:\\Users\\damal\\Desktop\\Paytech\\Paytech\\vendor\\laravel\\framework\\src\\Illuminate\\Console\\Command.php(182): Symfony\\Component\\Console\\Command\\Command->run(Object(Symfony\\Component\\Console\\Input\\ArgvInput), Object(Illuminate\\Console\\OutputStyle))
#6 C:\\Users\\damal\\Desktop\\Paytech\\Paytech\\vendor\\symfony\\console\\Application.php(1094): Illuminate\\Console\\Command->run(Object(Symfony\\Component\\Console\\Input\\ArgvInput), Object(Symfony\\Component\\Console\\Output\\ConsoleOutput))
#7 C:\\Users\\damal\\Desktop\\Paytech\\Paytech\\vendor\\symfony\\console\\Application.php(342): Symfony\\Component\\Console\\Application->doRunCommand(Object(Illuminate\\Routing\\Console\\ControllerMakeCommand), Object(Symfony\\Component\\Console\\Input\\ArgvInput), Object(Symfony\\Component\\Console\\Output\\ConsoleOutput))
#8 C:\\Users\\damal\\Desktop\\Paytech\\Paytech\\vendor\\symfony\\console\\Application.php(193): Symfony\\Component\\Console\\Application->doRun(Object(Symfony\\Component\\Console\\Input\\ArgvInput), Object(Symfony\\Component\\Console\\Output\\ConsoleOutput))
#9 C:\\Users\\damal\\Desktop\\Paytech\\Paytech\\vendor\\laravel\\framework\\src\\Illuminate\\Foundation\\Console\\Kernel.php(198): Symfony\\Component\\Console\\Application->run(Object(Symfony\\Component\\Console\\Input\\ArgvInput), Object(Symfony\\Component\\Console\\Output\\ConsoleOutput))
#10 C:\\Users\\damal\\Desktop\\Paytech\\Paytech\\vendor\\laravel\\framework\\src\\Illuminate\\Foundation\\Application.php(1235): Illuminate\\Foundation\\Console\\Kernel->handle(Object(Symfony\\Component\\Console\\Input\\ArgvInput), Object(Symfony\\Component\\Console\\Output\\ConsoleOutput))
#11 C:\\Users\\damal\\Desktop\\Paytech\\Paytech\\artisan(16): Illuminate\\Foundation\\Application->handleCommand(Object(Symfony\\Component\\Console\\Input\\ArgvInput))
#12 {main}
"} 
[2025-03-12 18:21:29] local.ERROR: Target class [files] does not exist. {"exception":"[object] (Illuminate\\Contracts\\Container\\BindingResolutionException(code: 0): Target class [files] does not exist. at C:\\Users\\damal\\Desktop\\Paytech\\Paytech\\vendor\\laravel\\framework\\src\\Illuminate\\Container\\Container.php:1019)
[stacktrace]
#0 C:\\Users\\damal\\Desktop\\Paytech\\Paytech\\vendor\\laravel\\framework\\src\\Illuminate\\Container\\Container.php(890): Illuminate\\Container\\Container->build('files')
#1 C:\\Users\\damal\\Desktop\\Paytech\\Paytech\\vendor\\laravel\\framework\\src\\Illuminate\\Foundation\\Application.php(1078): Illuminate\\Container\\Container->resolve('files', Array, true)
#2 C:\\Users\\damal\\Desktop\\Paytech\\Paytech\\vendor\\laravel\\framework\\src\\Illuminate\\Container\\Container.php(821): Illuminate\\Foundation\\Application->resolve('files', Array)
#3 C:\\Users\\damal\\Desktop\\Paytech\\Paytech\\vendor\\laravel\\framework\\src\\Illuminate\\Foundation\\Application.php(1058): Illuminate\\Container\\Container->make('files', Array)
#4 C:\\Users\\damal\\Desktop\\Paytech\\Paytech\\vendor\\laravel\\framework\\src\\Illuminate\\Container\\Container.php(1648): Illuminate\\Foundation\\Application->make('files')
#5 C:\\Users\\damal\\Desktop\\Paytech\\Paytech\\vendor\\laravel\\framework\\src\\Illuminate\\Foundation\\Application.php(1325): Illuminate\\Container\\Container->offsetGet('files')
#6 C:\\Users\\damal\\Desktop\\Paytech\\Paytech\\vendor\\laravel\\framework\\src\\Illuminate\\Foundation\\Support\\Providers\\RouteServiceProvider.php(133): Illuminate\\Foundation\\Application->routesAreCached()
#7 C:\\Users\\damal\\Desktop\\Paytech\\Paytech\\vendor\\laravel\\framework\\src\\Illuminate\\Foundation\\Support\\Providers\\RouteServiceProvider.php(56): Illuminate\\Foundation\\Support\\Providers\\RouteServiceProvider->routesAreCached()
#8 C:\\Users\\damal\\Desktop\\Paytech\\Paytech\\vendor\\laravel\\framework\\src\\Illuminate\\Container\\BoundMethod.php(36): Illuminate\\Foundation\\Support\\Providers\\RouteServiceProvider->Illuminate\\Foundation\\Support\\Providers\\{closure}()
#9 C:\\Users\\damal\\Desktop\\Paytech\\Paytech\\vendor\\laravel\\framework\\src\\Illuminate\\Container\\Util.php(43): Illuminate\\Container\\BoundMethod::Illuminate\\Container\\{closure}()
#10 C:\\Users\\damal\\Desktop\\Paytech\\Paytech\\vendor\\laravel\\framework\\src\\Illuminate\\Container\\BoundMethod.php(84): Illuminate\\Container\\Util::unwrapIfClosure(Object(Closure))
#11 C:\\Users\\damal\\Desktop\\Paytech\\Paytech\\vendor\\laravel\\framework\\src\\Illuminate\\Container\\BoundMethod.php(35): Illuminate\\Container\\BoundMethod::callBoundMethod(Object(Illuminate\\Foundation\\Application), Object(Closure), Object(Closure))
#12 C:\\Users\\damal\\Desktop\\Paytech\\Paytech\\vendor\\laravel\\framework\\src\\Illuminate\\Container\\Container.php(754): Illuminate\\Container\\BoundMethod::call(Object(Illuminate\\Foundation\\Application), Object(Closure), Array, NULL)
#13 C:\\Users\\damal\\Desktop\\Paytech\\Paytech\\vendor\\laravel\\framework\\src\\Illuminate\\Support\\ServiceProvider.php(144): Illuminate\\Container\\Container->call(Object(Closure))
#14 C:\\Users\\damal\\Desktop\\Paytech\\Paytech\\vendor\\laravel\\framework\\src\\Illuminate\\Foundation\\Application.php(1154): Illuminate\\Support\\ServiceProvider->callBootedCallbacks()
#15 C:\\Users\\damal\\Desktop\\Paytech\\Paytech\\vendor\\laravel\\framework\\src\\Illuminate\\Foundation\\Application.php(1132): Illuminate\\Foundation\\Application->bootProvider(Object(App\\Providers\\RouteServiceProvider))
#16 [internal function]: Illuminate\\Foundation\\Application->Illuminate\\Foundation\\{closure}(Object(App\\Providers\\RouteServiceProvider), 'App\\\\Providers\\\\R...')
#17 C:\\Users\\damal\\Desktop\\Paytech\\Paytech\\vendor\\laravel\\framework\\src\\Illuminate\\Foundation\\Application.php(1131): array_walk(Array, Object(Closure))
#18 C:\\Users\\damal\\Desktop\\Paytech\\Paytech\\vendor\\laravel\\framework\\src\\Illuminate\\Foundation\\Bootstrap\\BootProviders.php(17): Illuminate\\Foundation\\Application->boot()
#19 C:\\Users\\damal\\Desktop\\Paytech\\Paytech\\vendor\\laravel\\framework\\src\\Illuminate\\Foundation\\Application.php(342): Illuminate\\Foundation\\Bootstrap\\BootProviders->bootstrap(Object(Illuminate\\Foundation\\Application))
#20 C:\\Users\\damal\\Desktop\\Paytech\\Paytech\\vendor\\laravel\\framework\\src\\Illuminate\\Foundation\\Http\\Kernel.php(187): Illuminate\\Foundation\\Application->bootstrapWith(Array)
#21 C:\\Users\\damal\\Desktop\\Paytech\\Paytech\\vendor\\laravel\\framework\\src\\Illuminate\\Foundation\\Http\\Kernel.php(171): Illuminate\\Foundation\\Http\\Kernel->bootstrap()
#22 C:\\Users\\damal\\Desktop\\Paytech\\Paytech\\vendor\\laravel\\framework\\src\\Illuminate\\Foundation\\Http\\Kernel.php(145): Illuminate\\Foundation\\Http\\Kernel->sendRequestThroughRouter(Object(Illuminate\\Http\\Request))
#23 C:\\Users\\damal\\Desktop\\Paytech\\Paytech\\vendor\\laravel\\framework\\src\\Illuminate\\Foundation\\Application.php(1220): Illuminate\\Foundation\\Http\\Kernel->handle(Object(Illuminate\\Http\\Request))
#24 C:\\Users\\damal\\Desktop\\Paytech\\Paytech\\public\\index.php(20): Illuminate\\Foundation\\Application->handleRequest(Object(Illuminate\\Http\\Request))
#25 C:\\Users\\damal\\Desktop\\Paytech\\Paytech\\vendor\\laravel\\framework\\src\\Illuminate\\Foundation\\resources\\server.php(23): require_once('C:\\\\Users\\\\damal\\\\...')
#26 {main}

[previous exception] [object] (ReflectionException(code: -1): Class \"files\" does not exist at C:\\Users\\damal\\Desktop\\Paytech\\Paytech\\vendor\\laravel\\framework\\src\\Illuminate\\Container\\Container.php:1017)
[stacktrace]
#0 C:\\Users\\damal\\Desktop\\Paytech\\Paytech\\vendor\\laravel\\framework\\src\\Illuminate\\Container\\Container.php(1017): ReflectionClass->__construct('files')
#1 C:\\Users\\damal\\Desktop\\Paytech\\Paytech\\vendor\\laravel\\framework\\src\\Illuminate\\Container\\Container.php(890): Illuminate\\Container\\Container->build('files')
#2 C:\\Users\\damal\\Desktop\\Paytech\\Paytech\\vendor\\laravel\\framework\\src\\Illuminate\\Foundation\\Application.php(1078): Illuminate\\Container\\Container->resolve('files', Array, true)
#3 C:\\Users\\damal\\Desktop\\Paytech\\Paytech\\vendor\\laravel\\framework\\src\\Illuminate\\Container\\Container.php(821): Illuminate\\Foundation\\Application->resolve('files', Array)
#4 C:\\Users\\damal\\Desktop\\Paytech\\Paytech\\vendor\\laravel\\framework\\src\\Illuminate\\Foundation\\Application.php(1058): Illuminate\\Container\\Container->make('files', Array)
#5 C:\\Users\\damal\\Desktop\\Paytech\\Paytech\\vendor\\laravel\\framework\\src\\Illuminate\\Container\\Container.php(1648): Illuminate\\Foundation\\Application->make('files')
#6 C:\\Users\\damal\\Desktop\\Paytech\\Paytech\\vendor\\laravel\\framework\\src\\Illuminate\\Foundation\\Application.php(1325): Illuminate\\Container\\Container->offsetGet('files')
#7 C:\\Users\\damal\\Desktop\\Paytech\\Paytech\\vendor\\laravel\\framework\\src\\Illuminate\\Foundation\\Support\\Providers\\RouteServiceProvider.php(133): Illuminate\\Foundation\\Application->routesAreCached()
#8 C:\\Users\\damal\\Desktop\\Paytech\\Paytech\\vendor\\laravel\\framework\\src\\Illuminate\\Foundation\\Support\\Providers\\RouteServiceProvider.php(56): Illuminate\\Foundation\\Support\\Providers\\RouteServiceProvider->routesAreCached()
#9 C:\\Users\\damal\\Desktop\\Paytech\\Paytech\\vendor\\laravel\\framework\\src\\Illuminate\\Container\\BoundMethod.php(36): Illuminate\\Foundation\\Support\\Providers\\RouteServiceProvider->Illuminate\\Foundation\\Support\\Providers\\{closure}()
#10 C:\\Users\\damal\\Desktop\\Paytech\\Paytech\\vendor\\laravel\\framework\\src\\Illuminate\\Container\\Util.php(43): Illuminate\\Container\\BoundMethod::Illuminate\\Container\\{closure}()
#11 C:\\Users\\damal\\Desktop\\Paytech\\Paytech\\vendor\\laravel\\framework\\src\\Illuminate\\Container\\BoundMethod.php(84): Illuminate\\Container\\Util::unwrapIfClosure(Object(Closure))
#12 C:\\Users\\damal\\Desktop\\Paytech\\Paytech\\vendor\\laravel\\framework\\src\\Illuminate\\Container\\BoundMethod.php(35): Illuminate\\Container\\BoundMethod::callBoundMethod(Object(Illuminate\\Foundation\\Application), Object(Closure), Object(Closure))
#13 C:\\Users\\damal\\Desktop\\Paytech\\Paytech\\vendor\\laravel\\framework\\src\\Illuminate\\Container\\Container.php(754): Illuminate\\Container\\BoundMethod::call(Object(Illuminate\\Foundation\\Application), Object(Closure), Array, NULL)
#14 C:\\Users\\damal\\Desktop\\Paytech\\Paytech\\vendor\\laravel\\framework\\src\\Illuminate\\Support\\ServiceProvider.php(144): Illuminate\\Container\\Container->call(Object(Closure))
#15 C:\\Users\\damal\\Desktop\\Paytech\\Paytech\\vendor\\laravel\\framework\\src\\Illuminate\\Foundation\\Application.php(1154): Illuminate\\Support\\ServiceProvider->callBootedCallbacks()
#16 C:\\Users\\damal\\Desktop\\Paytech\\Paytech\\vendor\\laravel\\framework\\src\\Illuminate\\Foundation\\Application.php(1132): Illuminate\\Foundation\\Application->bootProvider(Object(App\\Providers\\RouteServiceProvider))
#17 [internal function]: Illuminate\\Foundation\\Application->Illuminate\\Foundation\\{closure}(Object(App\\Providers\\RouteServiceProvider), 'App\\\\Providers\\\\R...')
#18 C:\\Users\\damal\\Desktop\\Paytech\\Paytech\\vendor\\laravel\\framework\\src\\Illuminate\\Foundation\\Application.php(1131): array_walk(Array, Object(Closure))
#19 C:\\Users\\damal\\Desktop\\Paytech\\Paytech\\vendor\\laravel\\framework\\src\\Illuminate\\Foundation\\Bootstrap\\BootProviders.php(17): Illuminate\\Foundation\\Application->boot()
#20 C:\\Users\\damal\\Desktop\\Paytech\\Paytech\\vendor\\laravel\\framework\\src\\Illuminate\\Foundation\\Application.php(342): Illuminate\\Foundation\\Bootstrap\\BootProviders->bootstrap(Object(Illuminate\\Foundation\\Application))
#21 C:\\Users\\damal\\Desktop\\Paytech\\Paytech\\vendor\\laravel\\framework\\src\\Illuminate\\Foundation\\Http\\Kernel.php(187): Illuminate\\Foundation\\Application->bootstrapWith(Array)
#22 C:\\Users\\damal\\Desktop\\Paytech\\Paytech\\vendor\\laravel\\framework\\src\\Illuminate\\Foundation\\Http\\Kernel.php(171): Illuminate\\Foundation\\Http\\Kernel->bootstrap()
#23 C:\\Users\\damal\\Desktop\\Paytech\\Paytech\\vendor\\laravel\\framework\\src\\Illuminate\\Foundation\\Http\\Kernel.php(145): Illuminate\\Foundation\\Http\\Kernel->sendRequestThroughRouter(Object(Illuminate\\Http\\Request))
#24 C:\\Users\\damal\\Desktop\\Paytech\\Paytech\\vendor\\laravel\\framework\\src\\Illuminate\\Foundation\\Application.php(1220): Illuminate\\Foundation\\Http\\Kernel->handle(Object(Illuminate\\Http\\Request))
#25 C:\\Users\\damal\\Desktop\\Paytech\\Paytech\\public\\index.php(20): Illuminate\\Foundation\\Application->handleRequest(Object(Illuminate\\Http\\Request))
#26 C:\\Users\\damal\\Desktop\\Paytech\\Paytech\\vendor\\laravel\\framework\\src\\Illuminate\\Foundation\\resources\\server.php(23): require_once('C:\\\\Users\\\\damal\\\\...')
#27 {main}
"} 
[2025-03-12 18:22:30] local.ERROR: Target class [files] does not exist. {"exception":"[object] (Illuminate\\Contracts\\Container\\BindingResolutionException(code: 0): Target class [files] does not exist. at C:\\Users\\damal\\Desktop\\Paytech\\Paytech\\vendor\\laravel\\framework\\src\\Illuminate\\Container\\Container.php:1019)
[stacktrace]
#0 C:\\Users\\damal\\Desktop\\Paytech\\Paytech\\vendor\\laravel\\framework\\src\\Illuminate\\Container\\Container.php(890): Illuminate\\Container\\Container->build('files')
#1 C:\\Users\\damal\\Desktop\\Paytech\\Paytech\\vendor\\laravel\\framework\\src\\Illuminate\\Foundation\\Application.php(1078): Illuminate\\Container\\Container->resolve('files', Array, true)
#2 C:\\Users\\damal\\Desktop\\Paytech\\Paytech\\vendor\\laravel\\framework\\src\\Illuminate\\Container\\Container.php(821): Illuminate\\Foundation\\Application->resolve('files', Array)
#3 C:\\Users\\damal\\Desktop\\Paytech\\Paytech\\vendor\\laravel\\framework\\src\\Illuminate\\Foundation\\Application.php(1058): Illuminate\\Container\\Container->make('files', Array)
#4 C:\\Users\\damal\\Desktop\\Paytech\\Paytech\\vendor\\laravel\\framework\\src\\Illuminate\\Container\\Container.php(1648): Illuminate\\Foundation\\Application->make('files')
#5 C:\\Users\\damal\\Desktop\\Paytech\\Paytech\\vendor\\laravel\\framework\\src\\Illuminate\\Foundation\\Application.php(1325): Illuminate\\Container\\Container->offsetGet('files')
#6 C:\\Users\\damal\\Desktop\\Paytech\\Paytech\\vendor\\laravel\\framework\\src\\Illuminate\\Foundation\\Support\\Providers\\RouteServiceProvider.php(133): Illuminate\\Foundation\\Application->routesAreCached()
#7 C:\\Users\\damal\\Desktop\\Paytech\\Paytech\\vendor\\laravel\\framework\\src\\Illuminate\\Foundation\\Support\\Providers\\RouteServiceProvider.php(56): Illuminate\\Foundation\\Support\\Providers\\RouteServiceProvider->routesAreCached()
#8 C:\\Users\\damal\\Desktop\\Paytech\\Paytech\\vendor\\laravel\\framework\\src\\Illuminate\\Container\\BoundMethod.php(36): Illuminate\\Foundation\\Support\\Providers\\RouteServiceProvider->Illuminate\\Foundation\\Support\\Providers\\{closure}()
#9 C:\\Users\\damal\\Desktop\\Paytech\\Paytech\\vendor\\laravel\\framework\\src\\Illuminate\\Container\\Util.php(43): Illuminate\\Container\\BoundMethod::Illuminate\\Container\\{closure}()
#10 C:\\Users\\damal\\Desktop\\Paytech\\Paytech\\vendor\\laravel\\framework\\src\\Illuminate\\Container\\BoundMethod.php(84): Illuminate\\Container\\Util::unwrapIfClosure(Object(Closure))
#11 C:\\Users\\damal\\Desktop\\Paytech\\Paytech\\vendor\\laravel\\framework\\src\\Illuminate\\Container\\BoundMethod.php(35): Illuminate\\Container\\BoundMethod::callBoundMethod(Object(Illuminate\\Foundation\\Application), Object(Closure), Object(Closure))
#12 C:\\Users\\damal\\Desktop\\Paytech\\Paytech\\vendor\\laravel\\framework\\src\\Illuminate\\Container\\Container.php(754): Illuminate\\Container\\BoundMethod::call(Object(Illuminate\\Foundation\\Application), Object(Closure), Array, NULL)
#13 C:\\Users\\damal\\Desktop\\Paytech\\Paytech\\vendor\\laravel\\framework\\src\\Illuminate\\Support\\ServiceProvider.php(144): Illuminate\\Container\\Container->call(Object(Closure))
#14 C:\\Users\\damal\\Desktop\\Paytech\\Paytech\\vendor\\laravel\\framework\\src\\Illuminate\\Foundation\\Application.php(1154): Illuminate\\Support\\ServiceProvider->callBootedCallbacks()
#15 C:\\Users\\damal\\Desktop\\Paytech\\Paytech\\vendor\\laravel\\framework\\src\\Illuminate\\Foundation\\Application.php(1132): Illuminate\\Foundation\\Application->bootProvider(Object(App\\Providers\\RouteServiceProvider))
#16 [internal function]: Illuminate\\Foundation\\Application->Illuminate\\Foundation\\{closure}(Object(App\\Providers\\RouteServiceProvider), 'App\\\\Providers\\\\R...')
#17 C:\\Users\\damal\\Desktop\\Paytech\\Paytech\\vendor\\laravel\\framework\\src\\Illuminate\\Foundation\\Application.php(1131): array_walk(Array, Object(Closure))
#18 C:\\Users\\damal\\Desktop\\Paytech\\Paytech\\vendor\\laravel\\framework\\src\\Illuminate\\Foundation\\Bootstrap\\BootProviders.php(17): Illuminate\\Foundation\\Application->boot()
#19 C:\\Users\\damal\\Desktop\\Paytech\\Paytech\\vendor\\laravel\\framework\\src\\Illuminate\\Foundation\\Application.php(342): Illuminate\\Foundation\\Bootstrap\\BootProviders->bootstrap(Object(Illuminate\\Foundation\\Application))
#20 C:\\Users\\damal\\Desktop\\Paytech\\Paytech\\vendor\\laravel\\framework\\src\\Illuminate\\Foundation\\Http\\Kernel.php(187): Illuminate\\Foundation\\Application->bootstrapWith(Array)
#21 C:\\Users\\damal\\Desktop\\Paytech\\Paytech\\vendor\\laravel\\framework\\src\\Illuminate\\Foundation\\Http\\Kernel.php(171): Illuminate\\Foundation\\Http\\Kernel->bootstrap()
#22 C:\\Users\\damal\\Desktop\\Paytech\\Paytech\\vendor\\laravel\\framework\\src\\Illuminate\\Foundation\\Http\\Kernel.php(145): Illuminate\\Foundation\\Http\\Kernel->sendRequestThroughRouter(Object(Illuminate\\Http\\Request))
#23 C:\\Users\\damal\\Desktop\\Paytech\\Paytech\\vendor\\laravel\\framework\\src\\Illuminate\\Foundation\\Application.php(1220): Illuminate\\Foundation\\Http\\Kernel->handle(Object(Illuminate\\Http\\Request))
#24 C:\\Users\\damal\\Desktop\\Paytech\\Paytech\\public\\index.php(20): Illuminate\\Foundation\\Application->handleRequest(Object(Illuminate\\Http\\Request))
#25 C:\\Users\\damal\\Desktop\\Paytech\\Paytech\\vendor\\laravel\\framework\\src\\Illuminate\\Foundation\\resources\\server.php(23): require_once('C:\\\\Users\\\\damal\\\\...')
#26 {main}

[previous exception] [object] (ReflectionException(code: -1): Class \"files\" does not exist at C:\\Users\\damal\\Desktop\\Paytech\\Paytech\\vendor\\laravel\\framework\\src\\Illuminate\\Container\\Container.php:1017)
[stacktrace]
#0 C:\\Users\\damal\\Desktop\\Paytech\\Paytech\\vendor\\laravel\\framework\\src\\Illuminate\\Container\\Container.php(1017): ReflectionClass->__construct('files')
#1 C:\\Users\\damal\\Desktop\\Paytech\\Paytech\\vendor\\laravel\\framework\\src\\Illuminate\\Container\\Container.php(890): Illuminate\\Container\\Container->build('files')
#2 C:\\Users\\damal\\Desktop\\Paytech\\Paytech\\vendor\\laravel\\framework\\src\\Illuminate\\Foundation\\Application.php(1078): Illuminate\\Container\\Container->resolve('files', Array, true)
#3 C:\\Users\\damal\\Desktop\\Paytech\\Paytech\\vendor\\laravel\\framework\\src\\Illuminate\\Container\\Container.php(821): Illuminate\\Foundation\\Application->resolve('files', Array)
#4 C:\\Users\\damal\\Desktop\\Paytech\\Paytech\\vendor\\laravel\\framework\\src\\Illuminate\\Foundation\\Application.php(1058): Illuminate\\Container\\Container->make('files', Array)
#5 C:\\Users\\damal\\Desktop\\Paytech\\Paytech\\vendor\\laravel\\framework\\src\\Illuminate\\Container\\Container.php(1648): Illuminate\\Foundation\\Application->make('files')
#6 C:\\Users\\damal\\Desktop\\Paytech\\Paytech\\vendor\\laravel\\framework\\src\\Illuminate\\Foundation\\Application.php(1325): Illuminate\\Container\\Container->offsetGet('files')
#7 C:\\Users\\damal\\Desktop\\Paytech\\Paytech\\vendor\\laravel\\framework\\src\\Illuminate\\Foundation\\Support\\Providers\\RouteServiceProvider.php(133): Illuminate\\Foundation\\Application->routesAreCached()
#8 C:\\Users\\damal\\Desktop\\Paytech\\Paytech\\vendor\\laravel\\framework\\src\\Illuminate\\Foundation\\Support\\Providers\\RouteServiceProvider.php(56): Illuminate\\Foundation\\Support\\Providers\\RouteServiceProvider->routesAreCached()
#9 C:\\Users\\damal\\Desktop\\Paytech\\Paytech\\vendor\\laravel\\framework\\src\\Illuminate\\Container\\BoundMethod.php(36): Illuminate\\Foundation\\Support\\Providers\\RouteServiceProvider->Illuminate\\Foundation\\Support\\Providers\\{closure}()
#10 C:\\Users\\damal\\Desktop\\Paytech\\Paytech\\vendor\\laravel\\framework\\src\\Illuminate\\Container\\Util.php(43): Illuminate\\Container\\BoundMethod::Illuminate\\Container\\{closure}()
#11 C:\\Users\\damal\\Desktop\\Paytech\\Paytech\\vendor\\laravel\\framework\\src\\Illuminate\\Container\\BoundMethod.php(84): Illuminate\\Container\\Util::unwrapIfClosure(Object(Closure))
#12 C:\\Users\\damal\\Desktop\\Paytech\\Paytech\\vendor\\laravel\\framework\\src\\Illuminate\\Container\\BoundMethod.php(35): Illuminate\\Container\\BoundMethod::callBoundMethod(Object(Illuminate\\Foundation\\Application), Object(Closure), Object(Closure))
#13 C:\\Users\\damal\\Desktop\\Paytech\\Paytech\\vendor\\laravel\\framework\\src\\Illuminate\\Container\\Container.php(754): Illuminate\\Container\\BoundMethod::call(Object(Illuminate\\Foundation\\Application), Object(Closure), Array, NULL)
#14 C:\\Users\\damal\\Desktop\\Paytech\\Paytech\\vendor\\laravel\\framework\\src\\Illuminate\\Support\\ServiceProvider.php(144): Illuminate\\Container\\Container->call(Object(Closure))
#15 C:\\Users\\damal\\Desktop\\Paytech\\Paytech\\vendor\\laravel\\framework\\src\\Illuminate\\Foundation\\Application.php(1154): Illuminate\\Support\\ServiceProvider->callBootedCallbacks()
#16 C:\\Users\\damal\\Desktop\\Paytech\\Paytech\\vendor\\laravel\\framework\\src\\Illuminate\\Foundation\\Application.php(1132): Illuminate\\Foundation\\Application->bootProvider(Object(App\\Providers\\RouteServiceProvider))
#17 [internal function]: Illuminate\\Foundation\\Application->Illuminate\\Foundation\\{closure}(Object(App\\Providers\\RouteServiceProvider), 'App\\\\Providers\\\\R...')
#18 C:\\Users\\damal\\Desktop\\Paytech\\Paytech\\vendor\\laravel\\framework\\src\\Illuminate\\Foundation\\Application.php(1131): array_walk(Array, Object(Closure))
#19 C:\\Users\\damal\\Desktop\\Paytech\\Paytech\\vendor\\laravel\\framework\\src\\Illuminate\\Foundation\\Bootstrap\\BootProviders.php(17): Illuminate\\Foundation\\Application->boot()
#20 C:\\Users\\damal\\Desktop\\Paytech\\Paytech\\vendor\\laravel\\framework\\src\\Illuminate\\Foundation\\Application.php(342): Illuminate\\Foundation\\Bootstrap\\BootProviders->bootstrap(Object(Illuminate\\Foundation\\Application))
#21 C:\\Users\\damal\\Desktop\\Paytech\\Paytech\\vendor\\laravel\\framework\\src\\Illuminate\\Foundation\\Http\\Kernel.php(187): Illuminate\\Foundation\\Application->bootstrapWith(Array)
#22 C:\\Users\\damal\\Desktop\\Paytech\\Paytech\\vendor\\laravel\\framework\\src\\Illuminate\\Foundation\\Http\\Kernel.php(171): Illuminate\\Foundation\\Http\\Kernel->bootstrap()
#23 C:\\Users\\damal\\Desktop\\Paytech\\Paytech\\vendor\\laravel\\framework\\src\\Illuminate\\Foundation\\Http\\Kernel.php(145): Illuminate\\Foundation\\Http\\Kernel->sendRequestThroughRouter(Object(Illuminate\\Http\\Request))
#24 C:\\Users\\damal\\Desktop\\Paytech\\Paytech\\vendor\\laravel\\framework\\src\\Illuminate\\Foundation\\Application.php(1220): Illuminate\\Foundation\\Http\\Kernel->handle(Object(Illuminate\\Http\\Request))
#25 C:\\Users\\damal\\Desktop\\Paytech\\Paytech\\public\\index.php(20): Illuminate\\Foundation\\Application->handleRequest(Object(Illuminate\\Http\\Request))
#26 C:\\Users\\damal\\Desktop\\Paytech\\Paytech\\vendor\\laravel\\framework\\src\\Illuminate\\Foundation\\resources\\server.php(23): require_once('C:\\\\Users\\\\damal\\\\...')
#27 {main}
"} 
[2025-03-12 18:25:42] local.ERROR: Target class [files] does not exist. {"exception":"[object] (Illuminate\\Contracts\\Container\\BindingResolutionException(code: 0): Target class [files] does not exist. at C:\\Users\\damal\\Desktop\\Paytech\\Paytech\\vendor\\laravel\\framework\\src\\Illuminate\\Container\\Container.php:1019)
[stacktrace]
#0 C:\\Users\\damal\\Desktop\\Paytech\\Paytech\\vendor\\laravel\\framework\\src\\Illuminate\\Container\\Container.php(890): Illuminate\\Container\\Container->build('files')
#1 C:\\Users\\damal\\Desktop\\Paytech\\Paytech\\vendor\\laravel\\framework\\src\\Illuminate\\Foundation\\Application.php(1078): Illuminate\\Container\\Container->resolve('files', Array, true)
#2 C:\\Users\\damal\\Desktop\\Paytech\\Paytech\\vendor\\laravel\\framework\\src\\Illuminate\\Container\\Container.php(821): Illuminate\\Foundation\\Application->resolve('files', Array)
#3 C:\\Users\\damal\\Desktop\\Paytech\\Paytech\\vendor\\laravel\\framework\\src\\Illuminate\\Foundation\\Application.php(1058): Illuminate\\Container\\Container->make('files', Array)
#4 C:\\Users\\damal\\Desktop\\Paytech\\Paytech\\vendor\\laravel\\framework\\src\\Illuminate\\Container\\Container.php(1648): Illuminate\\Foundation\\Application->make('files')
#5 C:\\Users\\damal\\Desktop\\Paytech\\Paytech\\vendor\\laravel\\framework\\src\\Illuminate\\Foundation\\Application.php(1325): Illuminate\\Container\\Container->offsetGet('files')
#6 C:\\Users\\damal\\Desktop\\Paytech\\Paytech\\vendor\\laravel\\framework\\src\\Illuminate\\Foundation\\Support\\Providers\\RouteServiceProvider.php(133): Illuminate\\Foundation\\Application->routesAreCached()
#7 C:\\Users\\damal\\Desktop\\Paytech\\Paytech\\vendor\\laravel\\framework\\src\\Illuminate\\Foundation\\Support\\Providers\\RouteServiceProvider.php(56): Illuminate\\Foundation\\Support\\Providers\\RouteServiceProvider->routesAreCached()
#8 C:\\Users\\damal\\Desktop\\Paytech\\Paytech\\vendor\\laravel\\framework\\src\\Illuminate\\Container\\BoundMethod.php(36): Illuminate\\Foundation\\Support\\Providers\\RouteServiceProvider->Illuminate\\Foundation\\Support\\Providers\\{closure}()
#9 C:\\Users\\damal\\Desktop\\Paytech\\Paytech\\vendor\\laravel\\framework\\src\\Illuminate\\Container\\Util.php(43): Illuminate\\Container\\BoundMethod::Illuminate\\Container\\{closure}()
#10 C:\\Users\\damal\\Desktop\\Paytech\\Paytech\\vendor\\laravel\\framework\\src\\Illuminate\\Container\\BoundMethod.php(84): Illuminate\\Container\\Util::unwrapIfClosure(Object(Closure))
#11 C:\\Users\\damal\\Desktop\\Paytech\\Paytech\\vendor\\laravel\\framework\\src\\Illuminate\\Container\\BoundMethod.php(35): Illuminate\\Container\\BoundMethod::callBoundMethod(Object(Illuminate\\Foundation\\Application), Object(Closure), Object(Closure))
#12 C:\\Users\\damal\\Desktop\\Paytech\\Paytech\\vendor\\laravel\\framework\\src\\Illuminate\\Container\\Container.php(754): Illuminate\\Container\\BoundMethod::call(Object(Illuminate\\Foundation\\Application), Object(Closure), Array, NULL)
#13 C:\\Users\\damal\\Desktop\\Paytech\\Paytech\\vendor\\laravel\\framework\\src\\Illuminate\\Support\\ServiceProvider.php(144): Illuminate\\Container\\Container->call(Object(Closure))
#14 C:\\Users\\damal\\Desktop\\Paytech\\Paytech\\vendor\\laravel\\framework\\src\\Illuminate\\Foundation\\Application.php(1154): Illuminate\\Support\\ServiceProvider->callBootedCallbacks()
#15 C:\\Users\\damal\\Desktop\\Paytech\\Paytech\\vendor\\laravel\\framework\\src\\Illuminate\\Foundation\\Application.php(1132): Illuminate\\Foundation\\Application->bootProvider(Object(App\\Providers\\RouteServiceProvider))
#16 [internal function]: Illuminate\\Foundation\\Application->Illuminate\\Foundation\\{closure}(Object(App\\Providers\\RouteServiceProvider), 'App\\\\Providers\\\\R...')
#17 C:\\Users\\damal\\Desktop\\Paytech\\Paytech\\vendor\\laravel\\framework\\src\\Illuminate\\Foundation\\Application.php(1131): array_walk(Array, Object(Closure))
#18 C:\\Users\\damal\\Desktop\\Paytech\\Paytech\\vendor\\laravel\\framework\\src\\Illuminate\\Foundation\\Bootstrap\\BootProviders.php(17): Illuminate\\Foundation\\Application->boot()
#19 C:\\Users\\damal\\Desktop\\Paytech\\Paytech\\vendor\\laravel\\framework\\src\\Illuminate\\Foundation\\Application.php(342): Illuminate\\Foundation\\Bootstrap\\BootProviders->bootstrap(Object(Illuminate\\Foundation\\Application))
#20 C:\\Users\\damal\\Desktop\\Paytech\\Paytech\\vendor\\laravel\\framework\\src\\Illuminate\\Foundation\\Console\\Kernel.php(474): Illuminate\\Foundation\\Application->bootstrapWith(Array)
#21 C:\\Users\\damal\\Desktop\\Paytech\\Paytech\\vendor\\laravel\\framework\\src\\Illuminate\\Foundation\\Console\\Kernel.php(196): Illuminate\\Foundation\\Console\\Kernel->bootstrap()
#22 C:\\Users\\damal\\Desktop\\Paytech\\Paytech\\vendor\\laravel\\framework\\src\\Illuminate\\Foundation\\Application.php(1235): Illuminate\\Foundation\\Console\\Kernel->handle(Object(Symfony\\Component\\Console\\Input\\ArgvInput), Object(Symfony\\Component\\Console\\Output\\ConsoleOutput))
#23 C:\\Users\\damal\\Desktop\\Paytech\\Paytech\\artisan(16): Illuminate\\Foundation\\Application->handleCommand(Object(Symfony\\Component\\Console\\Input\\ArgvInput))
#24 {main}

[previous exception] [object] (ReflectionException(code: -1): Class \"files\" does not exist at C:\\Users\\damal\\Desktop\\Paytech\\Paytech\\vendor\\laravel\\framework\\src\\Illuminate\\Container\\Container.php:1017)
[stacktrace]
#0 C:\\Users\\damal\\Desktop\\Paytech\\Paytech\\vendor\\laravel\\framework\\src\\Illuminate\\Container\\Container.php(1017): ReflectionClass->__construct('files')
#1 C:\\Users\\damal\\Desktop\\Paytech\\Paytech\\vendor\\laravel\\framework\\src\\Illuminate\\Container\\Container.php(890): Illuminate\\Container\\Container->build('files')
#2 C:\\Users\\damal\\Desktop\\Paytech\\Paytech\\vendor\\laravel\\framework\\src\\Illuminate\\Foundation\\Application.php(1078): Illuminate\\Container\\Container->resolve('files', Array, true)
#3 C:\\Users\\damal\\Desktop\\Paytech\\Paytech\\vendor\\laravel\\framework\\src\\Illuminate\\Container\\Container.php(821): Illuminate\\Foundation\\Application->resolve('files', Array)
#4 C:\\Users\\damal\\Desktop\\Paytech\\Paytech\\vendor\\laravel\\framework\\src\\Illuminate\\Foundation\\Application.php(1058): Illuminate\\Container\\Container->make('files', Array)
#5 C:\\Users\\damal\\Desktop\\Paytech\\Paytech\\vendor\\laravel\\framework\\src\\Illuminate\\Container\\Container.php(1648): Illuminate\\Foundation\\Application->make('files')
#6 C:\\Users\\damal\\Desktop\\Paytech\\Paytech\\vendor\\laravel\\framework\\src\\Illuminate\\Foundation\\Application.php(1325): Illuminate\\Container\\Container->offsetGet('files')
#7 C:\\Users\\damal\\Desktop\\Paytech\\Paytech\\vendor\\laravel\\framework\\src\\Illuminate\\Foundation\\Support\\Providers\\RouteServiceProvider.php(133): Illuminate\\Foundation\\Application->routesAreCached()
#8 C:\\Users\\damal\\Desktop\\Paytech\\Paytech\\vendor\\laravel\\framework\\src\\Illuminate\\Foundation\\Support\\Providers\\RouteServiceProvider.php(56): Illuminate\\Foundation\\Support\\Providers\\RouteServiceProvider->routesAreCached()
#9 C:\\Users\\damal\\Desktop\\Paytech\\Paytech\\vendor\\laravel\\framework\\src\\Illuminate\\Container\\BoundMethod.php(36): Illuminate\\Foundation\\Support\\Providers\\RouteServiceProvider->Illuminate\\Foundation\\Support\\Providers\\{closure}()
#10 C:\\Users\\damal\\Desktop\\Paytech\\Paytech\\vendor\\laravel\\framework\\src\\Illuminate\\Container\\Util.php(43): Illuminate\\Container\\BoundMethod::Illuminate\\Container\\{closure}()
#11 C:\\Users\\damal\\Desktop\\Paytech\\Paytech\\vendor\\laravel\\framework\\src\\Illuminate\\Container\\BoundMethod.php(84): Illuminate\\Container\\Util::unwrapIfClosure(Object(Closure))
#12 C:\\Users\\damal\\Desktop\\Paytech\\Paytech\\vendor\\laravel\\framework\\src\\Illuminate\\Container\\BoundMethod.php(35): Illuminate\\Container\\BoundMethod::callBoundMethod(Object(Illuminate\\Foundation\\Application), Object(Closure), Object(Closure))
#13 C:\\Users\\damal\\Desktop\\Paytech\\Paytech\\vendor\\laravel\\framework\\src\\Illuminate\\Container\\Container.php(754): Illuminate\\Container\\BoundMethod::call(Object(Illuminate\\Foundation\\Application), Object(Closure), Array, NULL)
#14 C:\\Users\\damal\\Desktop\\Paytech\\Paytech\\vendor\\laravel\\framework\\src\\Illuminate\\Support\\ServiceProvider.php(144): Illuminate\\Container\\Container->call(Object(Closure))
#15 C:\\Users\\damal\\Desktop\\Paytech\\Paytech\\vendor\\laravel\\framework\\src\\Illuminate\\Foundation\\Application.php(1154): Illuminate\\Support\\ServiceProvider->callBootedCallbacks()
#16 C:\\Users\\damal\\Desktop\\Paytech\\Paytech\\vendor\\laravel\\framework\\src\\Illuminate\\Foundation\\Application.php(1132): Illuminate\\Foundation\\Application->bootProvider(Object(App\\Providers\\RouteServiceProvider))
#17 [internal function]: Illuminate\\Foundation\\Application->Illuminate\\Foundation\\{closure}(Object(App\\Providers\\RouteServiceProvider), 'App\\\\Providers\\\\R...')
#18 C:\\Users\\damal\\Desktop\\Paytech\\Paytech\\vendor\\laravel\\framework\\src\\Illuminate\\Foundation\\Application.php(1131): array_walk(Array, Object(Closure))
#19 C:\\Users\\damal\\Desktop\\Paytech\\Paytech\\vendor\\laravel\\framework\\src\\Illuminate\\Foundation\\Bootstrap\\BootProviders.php(17): Illuminate\\Foundation\\Application->boot()
#20 C:\\Users\\damal\\Desktop\\Paytech\\Paytech\\vendor\\laravel\\framework\\src\\Illuminate\\Foundation\\Application.php(342): Illuminate\\Foundation\\Bootstrap\\BootProviders->bootstrap(Object(Illuminate\\Foundation\\Application))
#21 C:\\Users\\damal\\Desktop\\Paytech\\Paytech\\vendor\\laravel\\framework\\src\\Illuminate\\Foundation\\Console\\Kernel.php(474): Illuminate\\Foundation\\Application->bootstrapWith(Array)
#22 C:\\Users\\damal\\Desktop\\Paytech\\Paytech\\vendor\\laravel\\framework\\src\\Illuminate\\Foundation\\Console\\Kernel.php(196): Illuminate\\Foundation\\Console\\Kernel->bootstrap()
#23 C:\\Users\\damal\\Desktop\\Paytech\\Paytech\\vendor\\laravel\\framework\\src\\Illuminate\\Foundation\\Application.php(1235): Illuminate\\Foundation\\Console\\Kernel->handle(Object(Symfony\\Component\\Console\\Input\\ArgvInput), Object(Symfony\\Component\\Console\\Output\\ConsoleOutput))
#24 C:\\Users\\damal\\Desktop\\Paytech\\Paytech\\artisan(16): Illuminate\\Foundation\\Application->handleCommand(Object(Symfony\\Component\\Console\\Input\\ArgvInput))
#25 {main}
"} 
